2019-09-27 22:23:24.820 [main] ERROR yasenko.task2.service.impl.MatrixServiceImpl - Method read() got wrong path
2019-09-27 22:24:33.183 [main] ERROR yasenko.task2.service.impl.MatrixServiceImpl - Method read() got wrong path
2019-09-27 22:25:36.174 [main] ERROR yasenko.task2.service.impl.MatrixServiceImpl - createMatrix() got wrong data!
2019-09-27 22:26:28.667 [main] ERROR yasenko.task2.service.impl.MatrixServiceImpl - createMatrix() got wrong data!
2019-09-28 00:11:15.902 [main] ERROR yasenko.task2.service.impl.MatrixServiceImpl - Method read() got wrong path
2019-09-28 12:05:54.832 [main] ERROR yasenko.task2.service.impl.MatrixServiceImpl - Method read() got wrong path
2019-09-28 12:20:00.912 [main] ERROR yasenko.task2.service.impl.MatrixServiceImpl - Method read() got wrong path
2019-09-28 12:20:00.918 [main] INFO  yasenko.task2.service.impl.MatrixServiceImpl - Program closing.
2019-09-28 12:49:42.479 [main] ERROR yasenko.task2.service.impl.MatrixServiceImpl - Method read() got wrong path
2019-09-28 12:49:42.484 [main] INFO  yasenko.task2.service.impl.MatrixServiceImpl - Program closing.
2019-09-28 19:53:09.338 [main] INFO  yasenko.task2.service.impl.MatrixServiceImpl - The main diagonal is already filled.
2019-09-29 18:59:16.916 [Thread-2] INFO  yasenko.task2.service.impl.MatrixServiceImpl - The main diagonal is already filled.
2019-09-29 19:00:54.345 [Thread-2] INFO  yasenko.task2.service.impl.MatrixServiceImpl - The main diagonal is already filled.
2019-09-29 19:00:54.345 [Thread-3] INFO  yasenko.task2.service.impl.MatrixServiceImpl - The main diagonal is already filled.
2019-09-29 19:01:11.818 [Thread-4] INFO  yasenko.task2.service.impl.MatrixServiceImpl - The main diagonal is already filled.
2019-09-29 19:01:11.817 [Thread-3] INFO  yasenko.task2.service.impl.MatrixServiceImpl - The main diagonal is already filled.
2019-09-29 19:01:19.918 [Thread-2] INFO  yasenko.task2.service.impl.MatrixServiceImpl - The main diagonal is already filled.
2019-09-29 19:01:19.922 [Thread-1] INFO  yasenko.task2.service.impl.MatrixServiceImpl - The main diagonal is already filled.
2019-09-29 19:01:27.820 [Thread-4] INFO  yasenko.task2.service.impl.MatrixServiceImpl - The main diagonal is already filled.
2019-09-29 19:01:27.819 [Thread-3] INFO  yasenko.task2.service.impl.MatrixServiceImpl - The main diagonal is already filled.
2019-09-29 19:17:01.358 [Thread-2] INFO  yasenko.task2.service.impl.MatrixServiceImpl - The main diagonal is already filled.
2019-09-29 19:17:01.358 [Thread-1] INFO  yasenko.task2.service.impl.MatrixServiceImpl - The main diagonal is already filled.
2019-09-29 19:17:01.364 [Thread-2] INFO  yasenko.task2.service.impl.MatrixServiceImpl - The main diagonal is already filled.
2019-09-29 19:17:01.364 [Thread-2] INFO  yasenko.task2.service.impl.MatrixServiceImpl - The main diagonal is already filled.
2019-09-29 19:17:01.365 [Thread-2] INFO  yasenko.task2.service.impl.MatrixServiceImpl - The main diagonal is already filled.
2019-09-29 19:17:01.365 [Thread-2] INFO  yasenko.task2.service.impl.MatrixServiceImpl - The main diagonal is already filled.
2019-09-29 19:17:01.364 [Thread-1] INFO  yasenko.task2.service.impl.MatrixServiceImpl - The main diagonal is already filled.
2019-09-29 19:17:01.366 [Thread-1] INFO  yasenko.task2.service.impl.MatrixServiceImpl - The main diagonal is already filled.
2019-09-29 19:17:01.367 [Thread-1] INFO  yasenko.task2.service.impl.MatrixServiceImpl - The main diagonal is already filled.
2019-09-29 19:17:01.367 [Thread-1] INFO  yasenko.task2.service.impl.MatrixServiceImpl - The main diagonal is already filled.
2019-09-29 19:17:37.906 [Thread-2] INFO  yasenko.task2.service.impl.MatrixServiceImpl - The main diagonal is already filled.
2019-09-29 19:17:37.914 [Thread-2] INFO  yasenko.task2.service.impl.MatrixServiceImpl - The main diagonal is already filled.
2019-09-29 19:17:37.914 [Thread-2] INFO  yasenko.task2.service.impl.MatrixServiceImpl - The main diagonal is already filled.
2019-09-29 19:17:37.915 [Thread-2] INFO  yasenko.task2.service.impl.MatrixServiceImpl - The main diagonal is already filled.
2019-09-29 19:17:37.915 [Thread-2] INFO  yasenko.task2.service.impl.MatrixServiceImpl - The main diagonal is already filled.
2019-09-29 19:17:37.906 [Thread-1] INFO  yasenko.task2.service.impl.MatrixServiceImpl - The main diagonal is already filled.
2019-09-29 19:17:37.918 [Thread-1] INFO  yasenko.task2.service.impl.MatrixServiceImpl - The main diagonal is already filled.
2019-09-29 19:17:37.918 [Thread-1] INFO  yasenko.task2.service.impl.MatrixServiceImpl - The main diagonal is already filled.
2019-09-29 19:17:37.919 [Thread-1] INFO  yasenko.task2.service.impl.MatrixServiceImpl - The main diagonal is already filled.
2019-09-29 19:17:37.919 [Thread-1] INFO  yasenko.task2.service.impl.MatrixServiceImpl - The main diagonal is already filled.
2019-09-29 19:23:52.500 [Thread-1] INFO  yasenko.task2.service.impl.MatrixServiceImpl - The main diagonal is already filled.
2019-09-29 19:23:52.500 [Thread-2] INFO  yasenko.task2.service.impl.MatrixServiceImpl - The main diagonal is already filled.
2019-09-29 19:23:52.500 [Thread-0] INFO  yasenko.task2.service.impl.MatrixServiceImpl - The main diagonal is already filled.
2019-09-29 19:23:52.506 [Thread-0] INFO  yasenko.task2.service.impl.MatrixServiceImpl - The main diagonal is already filled.
2019-09-29 19:23:52.506 [Thread-1] INFO  yasenko.task2.service.impl.MatrixServiceImpl - The main diagonal is already filled.
2019-09-29 19:23:52.506 [Thread-0] INFO  yasenko.task2.service.impl.MatrixServiceImpl - The main diagonal is already filled.
2019-09-29 19:23:52.506 [Thread-2] INFO  yasenko.task2.service.impl.MatrixServiceImpl - The main diagonal is already filled.
2019-09-29 19:23:52.507 [Thread-2] INFO  yasenko.task2.service.impl.MatrixServiceImpl - The main diagonal is already filled.
2019-09-29 19:23:52.508 [Thread-2] INFO  yasenko.task2.service.impl.MatrixServiceImpl - The main diagonal is already filled.
2019-09-29 19:23:52.508 [Thread-2] INFO  yasenko.task2.service.impl.MatrixServiceImpl - The main diagonal is already filled.
2019-09-29 19:24:09.255 [Thread-1] INFO  yasenko.task2.service.impl.MatrixServiceImpl - The main diagonal is already filled.
2019-09-29 19:24:09.263 [Thread-1] INFO  yasenko.task2.service.impl.MatrixServiceImpl - The main diagonal is already filled.
2019-09-29 19:24:09.263 [Thread-1] INFO  yasenko.task2.service.impl.MatrixServiceImpl - The main diagonal is already filled.
2019-09-29 19:24:09.263 [Thread-1] INFO  yasenko.task2.service.impl.MatrixServiceImpl - The main diagonal is already filled.
2019-09-29 19:24:09.264 [Thread-1] INFO  yasenko.task2.service.impl.MatrixServiceImpl - The main diagonal is already filled.
2019-09-29 19:24:09.256 [Thread-2] INFO  yasenko.task2.service.impl.MatrixServiceImpl - The main diagonal is already filled.
2019-09-29 19:24:09.267 [Thread-2] INFO  yasenko.task2.service.impl.MatrixServiceImpl - The main diagonal is already filled.
2019-09-29 19:24:09.267 [Thread-2] INFO  yasenko.task2.service.impl.MatrixServiceImpl - The main diagonal is already filled.
2019-09-29 19:24:09.267 [Thread-2] INFO  yasenko.task2.service.impl.MatrixServiceImpl - The main diagonal is already filled.
2019-09-29 19:24:09.268 [Thread-2] INFO  yasenko.task2.service.impl.MatrixServiceImpl - The main diagonal is already filled.
2019-09-29 19:24:17.184 [Thread-1] INFO  yasenko.task2.service.impl.MatrixServiceImpl - The main diagonal is already filled.
2019-09-29 19:24:17.184 [Thread-2] INFO  yasenko.task2.service.impl.MatrixServiceImpl - The main diagonal is already filled.
2019-09-29 19:24:17.190 [Thread-2] INFO  yasenko.task2.service.impl.MatrixServiceImpl - The main diagonal is already filled.
2019-09-29 19:24:17.190 [Thread-1] INFO  yasenko.task2.service.impl.MatrixServiceImpl - The main diagonal is already filled.
2019-09-29 19:24:17.190 [Thread-2] INFO  yasenko.task2.service.impl.MatrixServiceImpl - The main diagonal is already filled.
2019-09-29 19:24:17.190 [Thread-1] INFO  yasenko.task2.service.impl.MatrixServiceImpl - The main diagonal is already filled.
2019-09-29 19:24:17.191 [Thread-1] INFO  yasenko.task2.service.impl.MatrixServiceImpl - The main diagonal is already filled.
2019-09-29 19:24:17.191 [Thread-2] INFO  yasenko.task2.service.impl.MatrixServiceImpl - The main diagonal is already filled.
2019-09-29 19:24:17.192 [Thread-2] INFO  yasenko.task2.service.impl.MatrixServiceImpl - The main diagonal is already filled.
2019-09-29 19:24:17.191 [Thread-1] INFO  yasenko.task2.service.impl.MatrixServiceImpl - The main diagonal is already filled.
2019-09-29 19:24:24.681 [Thread-0] INFO  yasenko.task2.service.impl.MatrixServiceImpl - The main diagonal is already filled.
2019-09-29 19:24:24.706 [Thread-0] INFO  yasenko.task2.service.impl.MatrixServiceImpl - The main diagonal is already filled.
2019-09-29 19:24:24.706 [Thread-0] INFO  yasenko.task2.service.impl.MatrixServiceImpl - The main diagonal is already filled.
2019-09-29 19:24:24.707 [Thread-0] INFO  yasenko.task2.service.impl.MatrixServiceImpl - The main diagonal is already filled.
2019-09-29 19:24:24.709 [Thread-0] INFO  yasenko.task2.service.impl.MatrixServiceImpl - The main diagonal is already filled.
2019-09-29 19:24:24.681 [Thread-2] INFO  yasenko.task2.service.impl.MatrixServiceImpl - The main diagonal is already filled.
2019-09-29 19:24:24.712 [Thread-2] INFO  yasenko.task2.service.impl.MatrixServiceImpl - The main diagonal is already filled.
2019-09-29 19:24:24.714 [Thread-2] INFO  yasenko.task2.service.impl.MatrixServiceImpl - The main diagonal is already filled.
2019-09-29 19:24:24.720 [Thread-2] INFO  yasenko.task2.service.impl.MatrixServiceImpl - The main diagonal is already filled.
2019-09-29 19:24:24.720 [Thread-2] INFO  yasenko.task2.service.impl.MatrixServiceImpl - The main diagonal is already filled.
2019-09-29 19:24:49.193 [Thread-1] INFO  yasenko.task2.service.impl.MatrixServiceImpl - The main diagonal is already filled.
2019-09-29 19:24:49.200 [Thread-1] INFO  yasenko.task2.service.impl.MatrixServiceImpl - The main diagonal is already filled.
2019-09-29 19:24:49.200 [Thread-1] INFO  yasenko.task2.service.impl.MatrixServiceImpl - The main diagonal is already filled.
2019-09-29 19:24:49.204 [Thread-1] INFO  yasenko.task2.service.impl.MatrixServiceImpl - The main diagonal is already filled.
2019-09-29 19:24:49.209 [Thread-1] INFO  yasenko.task2.service.impl.MatrixServiceImpl - The main diagonal is already filled.
2019-09-29 19:24:49.195 [Thread-2] INFO  yasenko.task2.service.impl.MatrixServiceImpl - The main diagonal is already filled.
2019-09-29 19:24:49.211 [Thread-2] INFO  yasenko.task2.service.impl.MatrixServiceImpl - The main diagonal is already filled.
2019-09-29 19:24:49.211 [Thread-2] INFO  yasenko.task2.service.impl.MatrixServiceImpl - The main diagonal is already filled.
2019-09-29 19:24:49.211 [Thread-2] INFO  yasenko.task2.service.impl.MatrixServiceImpl - The main diagonal is already filled.
2019-09-29 19:24:49.212 [Thread-2] INFO  yasenko.task2.service.impl.MatrixServiceImpl - The main diagonal is already filled.
2019-09-29 19:26:41.143 [Thread-1] INFO  yasenko.task2.service.impl.MatrixServiceImpl - The main diagonal is already filled.
2019-09-29 19:26:41.150 [Thread-1] INFO  yasenko.task2.service.impl.MatrixServiceImpl - The main diagonal is already filled.
2019-09-29 19:26:41.150 [Thread-1] INFO  yasenko.task2.service.impl.MatrixServiceImpl - The main diagonal is already filled.
2019-09-29 19:26:41.226 [Thread-0] INFO  yasenko.task2.service.impl.MatrixServiceImpl - The main diagonal is already filled.
2019-09-29 19:26:41.227 [Thread-0] INFO  yasenko.task2.service.impl.MatrixServiceImpl - The main diagonal is already filled.
2019-09-29 19:26:41.226 [Thread-2] INFO  yasenko.task2.service.impl.MatrixServiceImpl - The main diagonal is already filled.
2019-09-29 19:26:41.227 [Thread-2] INFO  yasenko.task2.service.impl.MatrixServiceImpl - The main diagonal is already filled.
2019-09-29 19:26:55.242 [Thread-2] INFO  yasenko.task2.service.impl.MatrixServiceImpl - The main diagonal is already filled.
2019-09-29 19:26:55.248 [Thread-2] INFO  yasenko.task2.service.impl.MatrixServiceImpl - The main diagonal is already filled.
2019-09-29 19:26:55.249 [Thread-2] INFO  yasenko.task2.service.impl.MatrixServiceImpl - The main diagonal is already filled.
2019-09-29 19:26:55.249 [Thread-2] INFO  yasenko.task2.service.impl.MatrixServiceImpl - The main diagonal is already filled.
2019-09-29 19:26:55.337 [Thread-1] INFO  yasenko.task2.service.impl.MatrixServiceImpl - The main diagonal is already filled.
2019-09-29 19:26:55.338 [Thread-1] INFO  yasenko.task2.service.impl.MatrixServiceImpl - The main diagonal is already filled.
2019-09-29 19:26:55.337 [Thread-0] INFO  yasenko.task2.service.impl.MatrixServiceImpl - The main diagonal is already filled.
2019-09-29 19:26:55.338 [Thread-1] INFO  yasenko.task2.service.impl.MatrixServiceImpl - The main diagonal is already filled.
2019-09-29 19:26:55.338 [Thread-0] INFO  yasenko.task2.service.impl.MatrixServiceImpl - The main diagonal is already filled.
2019-09-29 19:26:55.339 [Thread-0] INFO  yasenko.task2.service.impl.MatrixServiceImpl - The main diagonal is already filled.
2019-09-29 19:31:23.879 [Thread-0] INFO  yasenko.task2.service.impl.MatrixServiceImpl - The main diagonal is already filled.
2019-09-29 19:31:23.888 [Thread-0] INFO  yasenko.task2.service.impl.MatrixServiceImpl - The main diagonal is already filled.
2019-09-29 19:31:23.888 [Thread-0] INFO  yasenko.task2.service.impl.MatrixServiceImpl - The main diagonal is already filled.
2019-09-29 19:31:23.882 [Thread-2] INFO  yasenko.task2.service.impl.MatrixServiceImpl - The main diagonal is already filled.
2019-09-29 19:31:23.881 [Thread-1] INFO  yasenko.task2.service.impl.MatrixServiceImpl - The main diagonal is already filled.
2019-09-29 19:31:23.889 [Thread-2] INFO  yasenko.task2.service.impl.MatrixServiceImpl - The main diagonal is already filled.
2019-09-29 19:31:23.889 [Thread-2] INFO  yasenko.task2.service.impl.MatrixServiceImpl - The main diagonal is already filled.
2019-09-29 19:31:23.889 [Thread-1] INFO  yasenko.task2.service.impl.MatrixServiceImpl - The main diagonal is already filled.
2019-09-29 19:31:23.889 [Thread-1] INFO  yasenko.task2.service.impl.MatrixServiceImpl - The main diagonal is already filled.
2019-09-29 20:08:51.783 [Thread-1] INFO  yasenko.task2.service.impl.MatrixServiceImpl - The main diagonal is already filled.
2019-09-29 20:08:51.783 [Thread-2] INFO  yasenko.task2.service.impl.MatrixServiceImpl - The main diagonal is already filled.
2019-09-29 20:08:51.790 [Thread-1] INFO  yasenko.task2.service.impl.MatrixServiceImpl - The main diagonal is already filled.
2019-09-29 20:08:51.791 [Thread-2] INFO  yasenko.task2.service.impl.MatrixServiceImpl - The main diagonal is already filled.
2019-09-29 20:08:51.791 [Thread-2] INFO  yasenko.task2.service.impl.MatrixServiceImpl - The main diagonal is already filled.
2019-09-29 20:08:51.791 [Thread-2] INFO  yasenko.task2.service.impl.MatrixServiceImpl - The main diagonal is already filled.
2019-09-29 20:08:51.791 [Thread-2] INFO  yasenko.task2.service.impl.MatrixServiceImpl - The main diagonal is already filled.
2019-09-29 20:08:51.791 [Thread-1] INFO  yasenko.task2.service.impl.MatrixServiceImpl - The main diagonal is already filled.
2019-09-29 20:08:51.792 [Thread-1] INFO  yasenko.task2.service.impl.MatrixServiceImpl - The main diagonal is already filled.
2019-09-29 20:08:51.792 [Thread-1] INFO  yasenko.task2.service.impl.MatrixServiceImpl - The main diagonal is already filled.
2019-09-29 20:09:53.682 [Thread-0] INFO  yasenko.task2.service.impl.MatrixServiceImpl - The main diagonal is already filled.
2019-09-29 20:09:53.690 [Thread-0] INFO  yasenko.task2.service.impl.MatrixServiceImpl - The main diagonal is already filled.
2019-09-29 20:09:53.691 [Thread-0] INFO  yasenko.task2.service.impl.MatrixServiceImpl - The main diagonal is already filled.
2019-09-29 20:09:53.691 [Thread-2] INFO  yasenko.task2.service.impl.MatrixServiceImpl - The main diagonal is already filled.
2019-09-29 20:09:53.693 [Thread-2] INFO  yasenko.task2.service.impl.MatrixServiceImpl - The main diagonal is already filled.
2019-09-29 20:09:53.694 [Thread-2] INFO  yasenko.task2.service.impl.MatrixServiceImpl - The main diagonal is already filled.
2019-09-29 20:09:53.684 [Thread-1] INFO  yasenko.task2.service.impl.MatrixServiceImpl - The main diagonal is already filled.
2019-09-29 20:09:53.697 [Thread-1] INFO  yasenko.task2.service.impl.MatrixServiceImpl - The main diagonal is already filled.
2019-09-29 20:09:53.697 [Thread-1] INFO  yasenko.task2.service.impl.MatrixServiceImpl - The main diagonal is already filled.
2019-09-30 20:23:16.200 [Thread-2] INFO  yasenko.task2.service.impl.MatrixServiceImpl - The main diagonal is already filled.
2019-09-30 20:23:16.206 [Thread-2] INFO  yasenko.task2.service.impl.MatrixServiceImpl - The main diagonal is already filled.
2019-09-30 20:23:16.207 [Thread-2] INFO  yasenko.task2.service.impl.MatrixServiceImpl - The main diagonal is already filled.
2019-09-30 20:23:16.293 [Thread-1] INFO  yasenko.task2.service.impl.MatrixServiceImpl - The main diagonal is already filled.
2019-09-30 20:23:16.293 [Thread-0] INFO  yasenko.task2.service.impl.MatrixServiceImpl - The main diagonal is already filled.
2019-09-30 20:23:16.294 [Thread-0] INFO  yasenko.task2.service.impl.MatrixServiceImpl - The main diagonal is already filled.
2019-09-30 20:23:16.294 [Thread-1] INFO  yasenko.task2.service.impl.MatrixServiceImpl - The main diagonal is already filled.
