2019-10-12 01:03:22.387 [main] ERROR ysenko.task3.service.impl.TextServiceImpl - Method read() got wrong path
2019-10-12 01:03:22.390 [main] ERROR task3.controller.command.impl.ReadText - String text is empty
2019-10-13 00:02:32.136 [main] ERROR ysenko.task3.service.impl.TextServiceImpl - Method read() got wrong path
2019-10-13 00:02:32.137 [main] ERROR task3.controller.command.impl.ReadText - String text is empty
2019-10-13 00:02:56.138 [main] ERROR ysenko.task3.service.impl.TextServiceImpl - Method read() got wrong path
2019-10-13 00:02:56.139 [main] ERROR task3.controller.command.impl.ReadText - String text is empty
2019-10-13 00:11:02.332 [main] ERROR ysenko.task3.service.impl.TextServiceImpl - Method read() got wrong path
2019-10-13 00:11:02.375 [main] ERROR task3.controller.command.impl.ReadText - String text is empty
2019-10-13 00:11:17.051 [main] ERROR ysenko.task3.service.impl.TextServiceImpl - Method read() got wrong path
2019-10-13 00:11:17.051 [main] ERROR task3.controller.command.impl.ReadText - String text is empty
2019-10-13 00:11:42.204 [main] ERROR ysenko.task3.service.impl.TextServiceImpl - Method read() got wrong path
2019-10-13 00:11:42.205 [main] ERROR task3.controller.command.impl.ReadText - String text is empty
2019-10-13 00:12:27.637 [main] ERROR ysenko.task3.service.impl.TextServiceImpl - Method read() got wrong path
2019-10-13 00:12:27.637 [main] ERROR task3.controller.command.impl.ReadText - String text is empty
2019-10-14 13:11:14.001 [main] ERROR ysenko.task3.service.impl.TextServiceImpl - Method read() got wrong path
2019-10-14 13:11:14.021 [main] ERROR task3.controller.command.impl.ReadText - String text is empty
2019-10-15 11:26:30.341 [main] ERROR  - Wrong format of index.
2019-10-15 11:28:03.792 [main] ERROR  - Wrong format of index.
2019-10-15 11:32:23.878 [main] ERROR  - Wrong format of index.
2019-10-15 11:42:43.129 [main] ERROR  - Index out of storage range
2019-10-15 11:46:20.048 [main] ERROR  - Index out of storage range
2019-10-15 11:49:50.732 [main] ERROR  - Index out of storage range
2019-10-16 09:44:59.582 [main] ERROR  - Index out of storage range
2019-10-16 09:45:11.177 [main] ERROR  - Index out of storage range
2019-10-16 09:45:23.551 [main] ERROR  - Index out of storage range
2019-10-16 09:45:32.333 [main] ERROR  - Index out of storage range
2019-10-16 09:45:41.439 [main] ERROR  - Index out of storage range
2019-10-16 09:45:52.941 [main] ERROR  - Index out of storage range
2019-10-16 09:47:50.494 [main] ERROR  - Index out of storage range
2019-10-16 09:48:37.345 [main] ERROR  - Index out of storage range
2019-10-18 13:46:33.971 [main] ERROR  - Trying to use the method getList() in Letter.
2019-10-18 13:46:34.010 [main] ERROR  - Trying to use the method getList() in Letter.
2019-10-18 13:46:34.010 [main] ERROR  - Trying to use the method getList() in Letter.
2019-10-18 13:46:34.011 [main] ERROR  - Trying to use the method getList() in Letter.
2019-10-18 13:46:34.012 [main] ERROR  - Trying to use the method getList() in Letter.
2019-10-18 13:46:34.012 [main] ERROR  - Trying to use the method getList() in Letter.
2019-10-18 13:46:34.012 [main] ERROR  - Trying to use the method getList() in Letter.
2019-10-18 13:46:34.013 [main] ERROR  - Trying to use the method getList() in Letter.
2019-10-18 13:46:34.013 [main] ERROR  - Trying to use the method getList() in Letter.
2019-10-18 13:46:34.013 [main] ERROR  - Trying to use the method getList() in Letter.
2019-10-18 13:46:34.014 [main] ERROR  - Trying to use the method getList() in Letter.
2019-10-18 13:46:34.014 [main] ERROR  - Trying to use the method getList() in Letter.
2019-10-18 13:46:34.014 [main] ERROR  - Trying to use the method getList() in Letter.
2019-10-18 13:46:34.015 [main] ERROR  - Trying to use the method getList() in Letter.
2019-10-18 13:46:34.015 [main] ERROR  - Trying to use the method getList() in Letter.
2019-10-18 13:46:34.015 [main] ERROR  - Trying to use the method getList() in Letter.
2019-10-18 13:46:34.015 [main] ERROR  - Trying to use the method getList() in Letter.
2019-10-18 13:46:34.016 [main] ERROR  - Trying to use the method getList() in Letter.
2019-10-18 13:46:34.016 [main] ERROR  - Trying to use the method getList() in Letter.
2019-10-18 13:46:34.016 [main] ERROR  - Trying to use the method getList() in Letter.
2019-10-18 13:46:34.017 [main] ERROR  - Trying to use the method getList() in Letter.
2019-10-18 13:46:34.021 [main] ERROR  - Trying to use the method getList() in Letter.
2019-10-18 13:46:34.022 [main] ERROR  - Trying to use the method getList() in Letter.
2019-10-18 13:46:34.022 [main] ERROR  - Trying to use the method getList() in Letter.
2019-10-18 13:46:34.023 [main] ERROR  - Trying to use the method getList() in Letter.
2019-10-18 13:46:34.023 [main] ERROR  - Trying to use the method getList() in Letter.
2019-10-18 13:46:34.024 [main] ERROR  - Trying to use the method getList() in Letter.
2019-10-18 13:46:34.025 [main] ERROR  - Trying to use the method getList() in Letter.
2019-10-18 13:46:34.025 [main] ERROR  - Trying to use the method getList() in Letter.
2019-10-18 13:46:34.025 [main] ERROR  - Trying to use the method getList() in Letter.
2019-10-18 13:46:34.026 [main] ERROR  - Trying to use the method getList() in Letter.
2019-10-18 13:46:34.026 [main] ERROR  - Trying to use the method getList() in Letter.
2019-10-18 13:46:34.027 [main] ERROR  - Trying to use the method getList() in Letter.
2019-10-18 13:46:34.027 [main] ERROR  - Trying to use the method getList() in Letter.
2019-10-18 13:46:34.028 [main] ERROR  - Trying to use the method getList() in Letter.
2019-10-18 13:46:34.029 [main] ERROR  - Trying to use the method getList() in Letter.
2019-10-18 13:46:34.030 [main] ERROR  - Trying to use the method getList() in Letter.
2019-10-18 13:46:34.030 [main] ERROR  - Trying to use the method getList() in Letter.
2019-10-18 13:46:34.030 [main] ERROR  - Trying to use the method getList() in Letter.
2019-10-18 13:46:34.031 [main] ERROR  - Trying to use the method getList() in Letter.
2019-10-18 13:46:34.031 [main] ERROR  - Trying to use the method getList() in Letter.
2019-10-18 13:46:34.032 [main] ERROR  - Trying to use the method getList() in Letter.
2019-10-18 13:46:34.033 [main] ERROR  - Trying to use the method getList() in Letter.
2019-10-18 13:46:34.033 [main] ERROR  - Trying to use the method getList() in Letter.
2019-10-18 13:46:34.033 [main] ERROR  - Trying to use the method getList() in Letter.
2019-10-18 13:46:34.034 [main] ERROR  - Trying to use the method getList() in Letter.
2019-10-18 13:46:34.035 [main] ERROR  - Trying to use the method getList() in Letter.
2019-10-18 13:46:34.036 [main] ERROR  - Trying to use the method getList() in Letter.
2019-10-18 13:46:34.037 [main] ERROR  - Trying to use the method getList() in Letter.
2019-10-18 13:46:34.037 [main] ERROR  - Trying to use the method getList() in Letter.
2019-10-18 13:46:34.038 [main] ERROR  - Trying to use the method getList() in Letter.
2019-10-18 13:46:34.039 [main] ERROR  - Trying to use the method getList() in Letter.
2019-10-18 13:46:34.039 [main] ERROR  - Trying to use the method getList() in Letter.
2019-10-18 13:46:34.040 [main] ERROR  - Trying to use the method getList() in Letter.
2019-10-18 13:46:34.040 [main] ERROR  - Trying to use the method getList() in Letter.
2019-10-18 13:46:34.040 [main] ERROR  - Trying to use the method getList() in Letter.
2019-10-18 13:46:34.041 [main] ERROR  - Trying to use the method getList() in Letter.
2019-10-18 13:46:34.041 [main] ERROR  - Trying to use the method getList() in Letter.
2019-10-18 13:46:34.041 [main] ERROR  - Trying to use the method getList() in Letter.
2019-10-18 13:46:34.042 [main] ERROR  - Trying to use the method getList() in Letter.
2019-10-18 13:46:34.042 [main] ERROR  - Trying to use the method getList() in Letter.
2019-10-18 13:46:34.043 [main] ERROR  - Trying to use the method getList() in Letter.
2019-10-18 13:46:34.043 [main] ERROR  - Trying to use the method getList() in Letter.
2019-10-18 13:46:34.044 [main] ERROR  - Trying to use the method getList() in Letter.
2019-10-18 13:46:34.045 [main] ERROR  - Trying to use the method getList() in Letter.
2019-10-18 13:46:34.045 [main] ERROR  - Trying to use the method getList() in Letter.
2019-10-18 13:46:34.046 [main] ERROR  - Trying to use the method getList() in Letter.
2019-10-18 13:46:34.048 [main] ERROR  - Trying to use the method getList() in Letter.
2019-10-18 13:46:34.048 [main] ERROR  - Trying to use the method getList() in Letter.
2019-10-18 13:46:34.048 [main] ERROR  - Trying to use the method getList() in Letter.
2019-10-18 13:46:34.049 [main] ERROR  - Trying to use the method getList() in Letter.
2019-10-18 13:46:34.049 [main] ERROR  - Trying to use the method getList() in Letter.
2019-10-18 13:46:34.050 [main] ERROR  - Trying to use the method getList() in Letter.
2019-10-18 13:46:34.050 [main] ERROR  - Trying to use the method getList() in Letter.
2019-10-18 13:46:34.051 [main] ERROR  - Trying to use the method getList() in Letter.
2019-10-18 13:46:34.054 [main] ERROR  - Trying to use the method getList() in Letter.
2019-10-18 13:46:34.055 [main] ERROR  - Trying to use the method getList() in Letter.
2019-10-18 13:46:34.056 [main] ERROR  - Trying to use the method getList() in Letter.
2019-10-18 13:46:34.056 [main] ERROR  - Trying to use the method getList() in Letter.
2019-10-18 13:46:34.057 [main] ERROR  - Trying to use the method getList() in Letter.
2019-10-18 13:46:34.057 [main] ERROR  - Trying to use the method getList() in Letter.
2019-10-18 13:46:34.057 [main] ERROR  - Trying to use the method getList() in Letter.
2019-10-18 13:46:34.058 [main] ERROR  - Trying to use the method getList() in Letter.
2019-10-18 13:46:34.059 [main] ERROR  - Trying to use the method getList() in Letter.
2019-10-18 13:46:34.059 [main] ERROR  - Trying to use the method getList() in Letter.
2019-10-18 13:46:34.060 [main] ERROR  - Trying to use the method getList() in Letter.
2019-10-18 13:46:34.060 [main] ERROR  - Trying to use the method getList() in Letter.
2019-10-18 13:46:34.061 [main] ERROR  - Trying to use the method getList() in Letter.
2019-10-18 13:46:34.061 [main] ERROR  - Trying to use the method getList() in Letter.
2019-10-18 13:46:34.062 [main] ERROR  - Trying to use the method getList() in Letter.
2019-10-18 13:46:34.062 [main] ERROR  - Trying to use the method getList() in Letter.
2019-10-18 13:46:34.062 [main] ERROR  - Trying to use the method getList() in Letter.
2019-10-18 13:46:34.063 [main] ERROR  - Trying to use the method getList() in Letter.
2019-10-18 13:46:34.063 [main] ERROR  - Trying to use the method getList() in Letter.
2019-10-18 13:46:34.063 [main] ERROR  - Trying to use the method getList() in Letter.
2019-10-18 13:46:34.063 [main] ERROR  - Trying to use the method getList() in Letter.
2019-10-18 13:46:34.064 [main] ERROR  - Trying to use the method getList() in Letter.
2019-10-18 13:46:34.064 [main] ERROR  - Trying to use the method getList() in Letter.
2019-10-18 13:46:34.064 [main] ERROR  - Trying to use the method getList() in Letter.
2019-10-18 13:46:34.065 [main] ERROR  - Trying to use the method getList() in Letter.
2019-10-18 13:46:34.065 [main] ERROR  - Trying to use the method getList() in Letter.
2019-10-18 13:46:34.065 [main] ERROR  - Trying to use the method getList() in Letter.
2019-10-18 13:46:34.066 [main] ERROR  - Trying to use the method getList() in Letter.
2019-10-18 13:46:34.066 [main] ERROR  - Trying to use the method getList() in Letter.
2019-10-18 13:46:34.067 [main] ERROR  - Trying to use the method getList() in Letter.
2019-10-18 13:46:34.069 [main] ERROR  - Trying to use the method getList() in Letter.
2019-10-18 13:46:34.070 [main] ERROR  - Trying to use the method getList() in Letter.
2019-10-18 13:46:34.071 [main] ERROR  - Trying to use the method getList() in Letter.
2019-10-18 13:46:34.071 [main] ERROR  - Trying to use the method getList() in Letter.
2019-10-18 13:46:34.072 [main] ERROR  - Trying to use the method getList() in Letter.
2019-10-18 13:46:34.072 [main] ERROR  - Trying to use the method getList() in Letter.
2019-10-18 13:46:34.072 [main] ERROR  - Trying to use the method getList() in Letter.
2019-10-18 13:46:34.073 [main] ERROR  - Trying to use the method getList() in Letter.
2019-10-18 13:46:34.073 [main] ERROR  - Trying to use the method getList() in Letter.
2019-10-18 13:46:34.074 [main] ERROR  - Trying to use the method getList() in Letter.
2019-10-18 13:46:34.074 [main] ERROR  - Trying to use the method getList() in Letter.
2019-10-18 13:46:34.074 [main] ERROR  - Trying to use the method getList() in Letter.
2019-10-18 13:46:34.075 [main] ERROR  - Trying to use the method getList() in Letter.
2019-10-18 13:46:34.076 [main] ERROR  - Trying to use the method getList() in Letter.
2019-10-18 13:46:34.076 [main] ERROR  - Trying to use the method getList() in Letter.
2019-10-18 13:46:34.077 [main] ERROR  - Trying to use the method getList() in Letter.
2019-10-18 13:46:34.078 [main] ERROR  - Trying to use the method getList() in Letter.
2019-10-18 13:46:34.078 [main] ERROR  - Trying to use the method getList() in Letter.
2019-10-18 13:46:34.079 [main] ERROR  - Trying to use the method getList() in Letter.
2019-10-18 13:46:34.079 [main] ERROR  - Trying to use the method getList() in Letter.
2019-10-18 13:46:34.080 [main] ERROR  - Trying to use the method getList() in Letter.
2019-10-18 13:46:34.080 [main] ERROR  - Trying to use the method getList() in Letter.
2019-10-18 13:46:34.081 [main] ERROR  - Trying to use the method getList() in Letter.
2019-10-18 13:46:34.082 [main] ERROR  - Trying to use the method getList() in Letter.
2019-10-18 13:46:34.083 [main] ERROR  - Trying to use the method getList() in Letter.
2019-10-18 13:46:34.083 [main] ERROR  - Trying to use the method getList() in Letter.
2019-10-18 13:46:34.083 [main] ERROR  - Trying to use the method getList() in Letter.
2019-10-18 13:46:34.083 [main] ERROR  - Trying to use the method getList() in Letter.
2019-10-18 13:46:34.084 [main] ERROR  - Trying to use the method getList() in Letter.
2019-10-18 13:46:34.084 [main] ERROR  - Trying to use the method getList() in Letter.
2019-10-18 13:46:34.085 [main] ERROR  - Trying to use the method getList() in Letter.
2019-10-18 13:46:34.085 [main] ERROR  - Trying to use the method getList() in Letter.
2019-10-18 13:46:34.086 [main] ERROR  - Trying to use the method getList() in Letter.
2019-10-18 13:46:34.087 [main] ERROR  - Trying to use the method getList() in Letter.
2019-10-18 13:46:34.087 [main] ERROR  - Trying to use the method getList() in Letter.
2019-10-18 13:46:34.087 [main] ERROR  - Trying to use the method getList() in Letter.
2019-10-18 13:46:34.088 [main] ERROR  - Trying to use the method getList() in Letter.
2019-10-18 13:46:34.089 [main] ERROR  - Trying to use the method getList() in Letter.
2019-10-18 13:46:34.089 [main] ERROR  - Trying to use the method getList() in Letter.
2019-10-18 13:46:34.089 [main] ERROR  - Trying to use the method getList() in Letter.
2019-10-18 13:46:34.090 [main] ERROR  - Trying to use the method getList() in Letter.
2019-10-18 13:46:34.090 [main] ERROR  - Trying to use the method getList() in Letter.
2019-10-18 13:46:34.091 [main] ERROR  - Trying to use the method getList() in Letter.
2019-10-18 13:46:34.092 [main] ERROR  - Trying to use the method getList() in Letter.
2019-10-18 13:46:34.092 [main] ERROR  - Trying to use the method getList() in Letter.
2019-10-18 13:46:34.093 [main] ERROR  - Trying to use the method getList() in Letter.
2019-10-18 13:46:34.093 [main] ERROR  - Trying to use the method getList() in Letter.
2019-10-18 13:46:34.093 [main] ERROR  - Trying to use the method getList() in Letter.
2019-10-18 13:46:34.093 [main] ERROR  - Trying to use the method getList() in Letter.
2019-10-18 13:46:34.094 [main] ERROR  - Trying to use the method getList() in Letter.
2019-10-18 13:46:34.094 [main] ERROR  - Trying to use the method getList() in Letter.
2019-10-18 13:46:34.094 [main] ERROR  - Trying to use the method getList() in Letter.
2019-10-18 13:46:34.094 [main] ERROR  - Trying to use the method getList() in Letter.
2019-10-18 13:46:34.095 [main] ERROR  - Trying to use the method getList() in Letter.
2019-10-18 13:46:34.096 [main] ERROR  - Trying to use the method getList() in Letter.
2019-10-18 13:46:34.096 [main] ERROR  - Trying to use the method getList() in Letter.
2019-10-18 13:46:34.097 [main] ERROR  - Trying to use the method getList() in Letter.
2019-10-18 13:46:34.097 [main] ERROR  - Trying to use the method getList() in Letter.
2019-10-18 13:46:34.098 [main] ERROR  - Trying to use the method getList() in Letter.
2019-10-18 13:46:34.098 [main] ERROR  - Trying to use the method getList() in Letter.
2019-10-18 13:46:34.098 [main] ERROR  - Trying to use the method getList() in Letter.
2019-10-18 13:46:34.098 [main] ERROR  - Trying to use the method getList() in Letter.
2019-10-18 13:46:34.099 [main] ERROR  - Trying to use the method getList() in Letter.
2019-10-18 13:46:34.099 [main] ERROR  - Trying to use the method getList() in Letter.
2019-10-18 13:46:34.099 [main] ERROR  - Trying to use the method getList() in Letter.
2019-10-18 13:46:34.099 [main] ERROR  - Trying to use the method getList() in Letter.
2019-10-18 13:46:34.099 [main] ERROR  - Trying to use the method getList() in Letter.
2019-10-18 13:46:34.099 [main] ERROR  - Trying to use the method getList() in Letter.
2019-10-18 13:46:34.133 [main] ERROR  - Trying to use the method getList() in Letter.
2019-10-18 13:46:34.133 [main] ERROR  - Trying to use the method getList() in Letter.
2019-10-18 13:46:34.134 [main] ERROR  - Trying to use the method getList() in Letter.
2019-10-18 13:46:34.134 [main] ERROR  - Trying to use the method getList() in Letter.
2019-10-18 13:46:34.135 [main] ERROR  - Trying to use the method getList() in Letter.
2019-10-18 13:46:34.135 [main] ERROR  - Trying to use the method getList() in Letter.
2019-10-18 13:46:34.136 [main] ERROR  - Trying to use the method getList() in Letter.
2019-10-18 13:46:34.137 [main] ERROR  - Trying to use the method getList() in Letter.
2019-10-18 13:46:34.137 [main] ERROR  - Trying to use the method getList() in Letter.
2019-10-18 13:46:34.138 [main] ERROR  - Trying to use the method getList() in Letter.
2019-10-18 13:46:34.138 [main] ERROR  - Trying to use the method getList() in Letter.
2019-10-18 13:46:34.138 [main] ERROR  - Trying to use the method getList() in Letter.
2019-10-18 13:46:34.139 [main] ERROR  - Trying to use the method getList() in Letter.
2019-10-18 13:46:34.140 [main] ERROR  - Trying to use the method getList() in Letter.
2019-10-18 13:46:34.140 [main] ERROR  - Trying to use the method getList() in Letter.
2019-10-18 13:46:34.141 [main] ERROR  - Trying to use the method getList() in Letter.
2019-10-18 13:46:34.141 [main] ERROR  - Trying to use the method getList() in Letter.
2019-10-18 13:46:34.141 [main] ERROR  - Trying to use the method getList() in Letter.
2019-10-18 13:46:34.142 [main] ERROR  - Trying to use the method getList() in Letter.
2019-10-18 13:46:34.143 [main] ERROR  - Trying to use the method getList() in Letter.
2019-10-18 13:46:34.143 [main] ERROR  - Trying to use the method getList() in Letter.
2019-10-18 13:46:34.143 [main] ERROR  - Trying to use the method getList() in Letter.
2019-10-18 13:46:34.144 [main] ERROR  - Trying to use the method getList() in Letter.
2019-10-18 13:46:34.144 [main] ERROR  - Trying to use the method getList() in Letter.
2019-10-18 13:46:34.144 [main] ERROR  - Trying to use the method getList() in Letter.
2019-10-18 13:46:34.145 [main] ERROR  - Trying to use the method getList() in Letter.
2019-10-18 13:46:34.145 [main] ERROR  - Trying to use the method getList() in Letter.
2019-10-18 13:46:34.145 [main] ERROR  - Trying to use the method getList() in Letter.
2019-10-18 13:46:34.145 [main] ERROR  - Trying to use the method getList() in Letter.
2019-10-18 13:46:34.145 [main] ERROR  - Trying to use the method getList() in Letter.
2019-10-18 13:46:34.146 [main] ERROR  - Trying to use the method getList() in Letter.
2019-10-18 13:46:34.146 [main] ERROR  - Trying to use the method getList() in Letter.
2019-10-18 13:46:34.146 [main] ERROR  - Trying to use the method getList() in Letter.
2019-10-18 13:46:34.146 [main] ERROR  - Trying to use the method getList() in Letter.
2019-10-18 13:46:34.146 [main] ERROR  - Trying to use the method getList() in Letter.
2019-10-18 13:46:34.147 [main] ERROR  - Trying to use the method getList() in Letter.
2019-10-18 13:46:34.147 [main] ERROR  - Trying to use the method getList() in Letter.
2019-10-18 13:46:34.147 [main] ERROR  - Trying to use the method getList() in Letter.
2019-10-18 13:46:34.148 [main] ERROR  - Trying to use the method getList() in Letter.
2019-10-18 13:46:34.148 [main] ERROR  - Trying to use the method getList() in Letter.
2019-10-18 13:46:34.148 [main] ERROR  - Trying to use the method getList() in Letter.
2019-10-18 13:46:34.148 [main] ERROR  - Trying to use the method getList() in Letter.
2019-10-18 13:46:34.148 [main] ERROR  - Trying to use the method getList() in Letter.
2019-10-18 13:46:34.148 [main] ERROR  - Trying to use the method getList() in Letter.
2019-10-18 13:46:34.149 [main] ERROR  - Trying to use the method getList() in Letter.
2019-10-18 13:46:34.149 [main] ERROR  - Trying to use the method getList() in Letter.
2019-10-18 13:46:34.149 [main] ERROR  - Trying to use the method getList() in Letter.
2019-10-18 13:46:34.149 [main] ERROR  - Trying to use the method getList() in Letter.
2019-10-18 13:46:34.149 [main] ERROR  - Trying to use the method getList() in Letter.
2019-10-18 13:46:34.149 [main] ERROR  - Trying to use the method getList() in Letter.
2019-10-18 13:46:34.150 [main] ERROR  - Trying to use the method getList() in Letter.
2019-10-18 13:46:34.150 [main] ERROR  - Trying to use the method getList() in Letter.
2019-10-18 13:46:34.150 [main] ERROR  - Trying to use the method getList() in Letter.
2019-10-18 13:46:34.150 [main] ERROR  - Trying to use the method getList() in Letter.
2019-10-18 13:46:34.151 [main] ERROR  - Trying to use the method getList() in Letter.
2019-10-18 13:46:34.151 [main] ERROR  - Trying to use the method getList() in Letter.
2019-10-18 13:46:34.151 [main] ERROR  - Trying to use the method getList() in Letter.
2019-10-18 13:46:34.152 [main] ERROR  - Trying to use the method getList() in Letter.
2019-10-18 13:46:34.152 [main] ERROR  - Trying to use the method getList() in Letter.
2019-10-18 13:46:34.153 [main] ERROR  - Trying to use the method getList() in Letter.
2019-10-18 13:46:34.154 [main] ERROR  - Trying to use the method getList() in Letter.
2019-10-18 13:46:34.154 [main] ERROR  - Trying to use the method getList() in Letter.
2019-10-18 13:46:34.155 [main] ERROR  - Trying to use the method getList() in Letter.
2019-10-18 13:46:34.155 [main] ERROR  - Trying to use the method getList() in Letter.
2019-10-18 13:46:34.155 [main] ERROR  - Trying to use the method getList() in Letter.
2019-10-18 13:46:34.156 [main] ERROR  - Trying to use the method getList() in Letter.
2019-10-18 13:46:34.156 [main] ERROR  - Trying to use the method getList() in Letter.
2019-10-18 13:46:34.156 [main] ERROR  - Trying to use the method getList() in Letter.
2019-10-18 13:46:34.156 [main] ERROR  - Trying to use the method getList() in Letter.
2019-10-18 13:46:34.157 [main] ERROR  - Trying to use the method getList() in Letter.
2019-10-18 13:46:34.157 [main] ERROR  - Trying to use the method getList() in Letter.
2019-10-18 13:46:34.157 [main] ERROR  - Trying to use the method getList() in Letter.
2019-10-18 13:46:34.157 [main] ERROR  - Trying to use the method getList() in Letter.
2019-10-18 13:46:34.157 [main] ERROR  - Trying to use the method getList() in Letter.
2019-10-18 13:46:34.158 [main] ERROR  - Trying to use the method getList() in Letter.
2019-10-18 13:46:34.159 [main] ERROR  - Trying to use the method getList() in Letter.
2019-10-18 13:46:34.160 [main] ERROR  - Trying to use the method getList() in Letter.
2019-10-18 13:46:34.160 [main] ERROR  - Trying to use the method getList() in Letter.
2019-10-18 13:46:34.161 [main] ERROR  - Trying to use the method getList() in Letter.
2019-10-18 13:46:34.161 [main] ERROR  - Trying to use the method getList() in Letter.
2019-10-18 13:46:34.161 [main] ERROR  - Trying to use the method getList() in Letter.
2019-10-18 13:46:34.161 [main] ERROR  - Trying to use the method getList() in Letter.
2019-10-18 13:46:34.162 [main] ERROR  - Trying to use the method getList() in Letter.
2019-10-18 13:46:34.162 [main] ERROR  - Trying to use the method getList() in Letter.
2019-10-18 13:46:34.163 [main] ERROR  - Trying to use the method getList() in Letter.
2019-10-18 13:46:34.163 [main] ERROR  - Trying to use the method getList() in Letter.
2019-10-18 13:46:34.163 [main] ERROR  - Trying to use the method getList() in Letter.
2019-10-18 13:46:34.163 [main] ERROR  - Trying to use the method getList() in Letter.
2019-10-18 13:46:34.164 [main] ERROR  - Trying to use the method getList() in Letter.
2019-10-18 13:46:34.164 [main] ERROR  - Trying to use the method getList() in Letter.
2019-10-18 13:46:34.164 [main] ERROR  - Trying to use the method getList() in Letter.
2019-10-18 13:46:34.164 [main] ERROR  - Trying to use the method getList() in Letter.
2019-10-18 13:46:34.164 [main] ERROR  - Trying to use the method getList() in Letter.
2019-10-18 13:46:34.164 [main] ERROR  - Trying to use the method getList() in Letter.
2019-10-18 13:46:34.164 [main] ERROR  - Trying to use the method getList() in Letter.
2019-10-18 13:46:34.165 [main] ERROR  - Trying to use the method getList() in Letter.
2019-10-18 13:46:34.165 [main] ERROR  - Trying to use the method getList() in Letter.
2019-10-18 13:46:34.165 [main] ERROR  - Trying to use the method getList() in Letter.
2019-10-18 13:46:34.165 [main] ERROR  - Trying to use the method getList() in Letter.
2019-10-18 13:46:34.165 [main] ERROR  - Trying to use the method getList() in Letter.
2019-10-18 13:46:34.165 [main] ERROR  - Trying to use the method getList() in Letter.
2019-10-18 13:46:34.165 [main] ERROR  - Trying to use the method getList() in Letter.
2019-10-18 13:46:34.166 [main] ERROR  - Trying to use the method getList() in Letter.
2019-10-18 13:46:34.166 [main] ERROR  - Trying to use the method getList() in Letter.
2019-10-18 13:46:34.166 [main] ERROR  - Trying to use the method getList() in Letter.
2019-10-18 13:46:34.166 [main] ERROR  - Trying to use the method getList() in Letter.
2019-10-18 13:46:34.167 [main] ERROR  - Trying to use the method getList() in Letter.
2019-10-18 13:46:34.167 [main] ERROR  - Trying to use the method getList() in Letter.
2019-10-18 13:46:34.167 [main] ERROR  - Trying to use the method getList() in Letter.
2019-10-18 13:46:34.167 [main] ERROR  - Trying to use the method getList() in Letter.
2019-10-18 13:46:34.167 [main] ERROR  - Trying to use the method getList() in Letter.
2019-10-18 13:46:34.167 [main] ERROR  - Trying to use the method getList() in Letter.
2019-10-18 13:46:34.169 [main] ERROR  - Trying to use the method getList() in Letter.
2019-10-18 13:46:34.170 [main] ERROR  - Trying to use the method getList() in Letter.
2019-10-18 13:46:34.170 [main] ERROR  - Trying to use the method getList() in Letter.
2019-10-18 13:46:34.170 [main] ERROR  - Trying to use the method getList() in Letter.
2019-10-18 13:46:34.170 [main] ERROR  - Trying to use the method getList() in Letter.
2019-10-18 13:46:34.170 [main] ERROR  - Trying to use the method getList() in Letter.
2019-10-18 13:46:34.171 [main] ERROR  - Trying to use the method getList() in Letter.
2019-10-18 13:46:34.171 [main] ERROR  - Trying to use the method getList() in Letter.
2019-10-18 13:46:34.171 [main] ERROR  - Trying to use the method getList() in Letter.
2019-10-18 13:46:34.171 [main] ERROR  - Trying to use the method getList() in Letter.
2019-10-18 13:46:34.171 [main] ERROR  - Trying to use the method getList() in Letter.
2019-10-18 13:46:34.172 [main] ERROR  - Trying to use the method getList() in Letter.
2019-10-18 13:46:34.172 [main] ERROR  - Trying to use the method getList() in Letter.
2019-10-18 13:46:34.172 [main] ERROR  - Trying to use the method getList() in Letter.
2019-10-18 13:46:34.172 [main] ERROR  - Trying to use the method getList() in Letter.
2019-10-18 13:46:34.173 [main] ERROR  - Trying to use the method getList() in Letter.
2019-10-18 13:46:34.173 [main] ERROR  - Trying to use the method getList() in Letter.
2019-10-18 13:46:34.173 [main] ERROR  - Trying to use the method getList() in Letter.
2019-10-18 13:46:34.173 [main] ERROR  - Trying to use the method getList() in Letter.
2019-10-18 13:46:34.173 [main] ERROR  - Trying to use the method getList() in Letter.
2019-10-18 13:46:34.173 [main] ERROR  - Trying to use the method getList() in Letter.
2019-10-18 13:46:34.173 [main] ERROR  - Trying to use the method getList() in Letter.
2019-10-18 13:46:34.174 [main] ERROR  - Trying to use the method getList() in Letter.
2019-10-18 13:46:34.174 [main] ERROR  - Trying to use the method getList() in Letter.
2019-10-18 13:46:34.174 [main] ERROR  - Trying to use the method getList() in Letter.
2019-10-18 13:46:34.174 [main] ERROR  - Trying to use the method getList() in Letter.
2019-10-18 13:46:34.174 [main] ERROR  - Trying to use the method getList() in Letter.
2019-10-18 13:46:34.175 [main] ERROR  - Trying to use the method getList() in Letter.
2019-10-18 13:46:34.175 [main] ERROR  - Trying to use the method getList() in Letter.
2019-10-18 13:46:34.175 [main] ERROR  - Trying to use the method getList() in Letter.
2019-10-18 13:46:34.175 [main] ERROR  - Trying to use the method getList() in Letter.
2019-10-18 13:46:34.175 [main] ERROR  - Trying to use the method getList() in Letter.
2019-10-18 13:46:34.175 [main] ERROR  - Trying to use the method getList() in Letter.
2019-10-18 13:46:34.175 [main] ERROR  - Trying to use the method getList() in Letter.
2019-10-18 13:46:34.175 [main] ERROR  - Trying to use the method getList() in Letter.
2019-10-18 13:46:34.175 [main] ERROR  - Trying to use the method getList() in Letter.
2019-10-18 13:46:34.176 [main] ERROR  - Trying to use the method getList() in Letter.
2019-10-18 13:46:34.176 [main] ERROR  - Trying to use the method getList() in Letter.
2019-10-18 13:46:34.176 [main] ERROR  - Trying to use the method getList() in Letter.
2019-10-18 13:46:34.176 [main] ERROR  - Trying to use the method getList() in Letter.
2019-10-18 13:46:34.176 [main] ERROR  - Trying to use the method getList() in Letter.
2019-10-18 13:46:34.176 [main] ERROR  - Trying to use the method getList() in Letter.
2019-10-18 13:46:34.176 [main] ERROR  - Trying to use the method getList() in Letter.
2019-10-18 13:46:34.176 [main] ERROR  - Trying to use the method getList() in Letter.
2019-10-18 13:46:34.176 [main] ERROR  - Trying to use the method getList() in Letter.
2019-10-18 13:46:34.176 [main] ERROR  - Trying to use the method getList() in Letter.
2019-10-18 13:46:34.177 [main] ERROR  - Trying to use the method getList() in Letter.
2019-10-18 13:46:34.177 [main] ERROR  - Trying to use the method getList() in Letter.
2019-10-18 13:46:34.177 [main] ERROR  - Trying to use the method getList() in Letter.
2019-10-18 13:46:34.177 [main] ERROR  - Trying to use the method getList() in Letter.
2019-10-18 13:46:34.177 [main] ERROR  - Trying to use the method getList() in Letter.
2019-10-18 13:46:34.177 [main] ERROR  - Trying to use the method getList() in Letter.
2019-10-18 13:46:34.177 [main] ERROR  - Trying to use the method getList() in Letter.
2019-10-18 13:46:34.177 [main] ERROR  - Trying to use the method getList() in Letter.
2019-10-18 13:46:34.177 [main] ERROR  - Trying to use the method getList() in Letter.
2019-10-18 13:46:34.177 [main] ERROR  - Trying to use the method getList() in Letter.
2019-10-18 13:46:34.178 [main] ERROR  - Trying to use the method getList() in Letter.
2019-10-18 13:46:34.178 [main] ERROR  - Trying to use the method getList() in Letter.
2019-10-18 13:46:34.178 [main] ERROR  - Trying to use the method getList() in Letter.
2019-10-18 13:46:34.178 [main] ERROR  - Trying to use the method getList() in Letter.
2019-10-18 13:46:34.178 [main] ERROR  - Trying to use the method getList() in Letter.
2019-10-18 13:46:34.178 [main] ERROR  - Trying to use the method getList() in Letter.
2019-10-18 13:46:34.178 [main] ERROR  - Trying to use the method getList() in Letter.
2019-10-18 13:46:34.178 [main] ERROR  - Trying to use the method getList() in Letter.
2019-10-18 13:46:34.178 [main] ERROR  - Trying to use the method getList() in Letter.
2019-10-18 13:46:34.178 [main] ERROR  - Trying to use the method getList() in Letter.
2019-10-18 13:46:34.178 [main] ERROR  - Trying to use the method getList() in Letter.
2019-10-18 13:46:34.178 [main] ERROR  - Trying to use the method getList() in Letter.
2019-10-18 13:46:34.179 [main] ERROR  - Trying to use the method getList() in Letter.
2019-10-18 13:46:34.179 [main] ERROR  - Trying to use the method getList() in Letter.
2019-10-18 13:46:34.179 [main] ERROR  - Trying to use the method getList() in Letter.
2019-10-18 13:46:34.179 [main] ERROR  - Trying to use the method getList() in Letter.
2019-10-18 13:46:34.179 [main] ERROR  - Trying to use the method getList() in Letter.
2019-10-18 13:46:34.179 [main] ERROR  - Trying to use the method getList() in Letter.
2019-10-18 13:46:34.179 [main] ERROR  - Trying to use the method getList() in Letter.
2019-10-18 13:46:34.179 [main] ERROR  - Trying to use the method getList() in Letter.
2019-10-18 13:46:34.179 [main] ERROR  - Trying to use the method getList() in Letter.
2019-10-18 13:46:34.179 [main] ERROR  - Trying to use the method getList() in Letter.
2019-10-18 13:46:34.179 [main] ERROR  - Trying to use the method getList() in Letter.
2019-10-18 13:46:34.179 [main] ERROR  - Trying to use the method getList() in Letter.
2019-10-18 13:46:34.179 [main] ERROR  - Trying to use the method getList() in Letter.
2019-10-18 13:46:34.180 [main] ERROR  - Trying to use the method getList() in Letter.
2019-10-18 13:46:34.180 [main] ERROR  - Trying to use the method getList() in Letter.
2019-10-18 13:46:34.180 [main] ERROR  - Trying to use the method getList() in Letter.
2019-10-18 13:46:34.180 [main] ERROR  - Trying to use the method getList() in Letter.
2019-10-18 13:46:34.181 [main] ERROR  - Trying to use the method getList() in Letter.
2019-10-18 13:46:34.181 [main] ERROR  - Trying to use the method getList() in Letter.
2019-10-18 13:46:34.181 [main] ERROR  - Trying to use the method getList() in Letter.
2019-10-18 13:46:34.181 [main] ERROR  - Trying to use the method getList() in Letter.
2019-10-18 13:46:34.181 [main] ERROR  - Trying to use the method getList() in Letter.
2019-10-18 13:46:34.181 [main] ERROR  - Trying to use the method getList() in Letter.
2019-10-18 13:46:34.181 [main] ERROR  - Trying to use the method getList() in Letter.
2019-10-18 13:46:34.181 [main] ERROR  - Trying to use the method getList() in Letter.
2019-10-18 13:46:34.182 [main] ERROR  - Trying to use the method getList() in Letter.
2019-10-18 13:46:34.182 [main] ERROR  - Trying to use the method getList() in Letter.
2019-10-18 13:46:34.182 [main] ERROR  - Trying to use the method getList() in Letter.
2019-10-18 13:46:34.182 [main] ERROR  - Trying to use the method getList() in Letter.
2019-10-18 13:46:34.182 [main] ERROR  - Trying to use the method getList() in Letter.
2019-10-18 13:46:34.182 [main] ERROR  - Trying to use the method getList() in Letter.
2019-10-18 13:46:34.182 [main] ERROR  - Trying to use the method getList() in Letter.
2019-10-18 13:46:34.182 [main] ERROR  - Trying to use the method getList() in Letter.
2019-10-18 13:46:34.182 [main] ERROR  - Trying to use the method getList() in Letter.
2019-10-18 13:46:34.182 [main] ERROR  - Trying to use the method getList() in Letter.
2019-10-18 13:46:34.182 [main] ERROR  - Trying to use the method getList() in Letter.
2019-10-18 13:46:34.182 [main] ERROR  - Trying to use the method getList() in Letter.
2019-10-18 13:46:34.182 [main] ERROR  - Trying to use the method getList() in Letter.
2019-10-18 13:46:34.182 [main] ERROR  - Trying to use the method getList() in Letter.
2019-10-18 13:46:34.183 [main] ERROR  - Trying to use the method getList() in Letter.
2019-10-18 13:46:34.183 [main] ERROR  - Trying to use the method getList() in Letter.
2019-10-18 13:46:34.183 [main] ERROR  - Trying to use the method getList() in Letter.
2019-10-18 13:46:34.183 [main] ERROR  - Trying to use the method getList() in Letter.
2019-10-18 13:46:34.183 [main] ERROR  - Trying to use the method getList() in Letter.
2019-10-18 13:46:34.183 [main] ERROR  - Trying to use the method getList() in Letter.
2019-10-18 13:46:34.183 [main] ERROR  - Trying to use the method getList() in Letter.
2019-10-18 13:46:34.183 [main] ERROR  - Trying to use the method getList() in Letter.
2019-10-18 13:46:34.183 [main] ERROR  - Trying to use the method getList() in Letter.
2019-10-18 13:46:34.183 [main] ERROR  - Trying to use the method getList() in Letter.
2019-10-18 13:46:34.183 [main] ERROR  - Trying to use the method getList() in Letter.
2019-10-18 13:46:34.183 [main] ERROR  - Trying to use the method getList() in Letter.
2019-10-18 13:46:34.183 [main] ERROR  - Trying to use the method getList() in Letter.
2019-10-18 13:46:34.183 [main] ERROR  - Trying to use the method getList() in Letter.
2019-10-18 13:46:34.184 [main] ERROR  - Trying to use the method getList() in Letter.
2019-10-18 13:46:34.184 [main] ERROR  - Trying to use the method getList() in Letter.
2019-10-18 13:46:34.184 [main] ERROR  - Trying to use the method getList() in Letter.
2019-10-18 13:46:34.184 [main] ERROR  - Trying to use the method getList() in Letter.
2019-10-18 13:46:34.184 [main] ERROR  - Trying to use the method getList() in Letter.
2019-10-18 13:46:34.184 [main] ERROR  - Trying to use the method getList() in Letter.
2019-10-18 13:46:34.185 [main] ERROR  - Trying to use the method getList() in Letter.
2019-10-18 13:46:34.185 [main] ERROR  - Trying to use the method getList() in Letter.
2019-10-18 13:46:34.185 [main] ERROR  - Trying to use the method getList() in Letter.
2019-10-18 13:46:34.185 [main] ERROR  - Trying to use the method getList() in Letter.
2019-10-18 13:46:34.186 [main] ERROR  - Trying to use the method getList() in Letter.
2019-10-18 13:46:34.187 [main] ERROR  - Trying to use the method getList() in Letter.
2019-10-18 13:46:34.187 [main] ERROR  - Trying to use the method getList() in Letter.
2019-10-18 13:46:34.187 [main] ERROR  - Trying to use the method getList() in Letter.
2019-10-18 13:46:34.187 [main] ERROR  - Trying to use the method getList() in Letter.
2019-10-18 13:46:34.187 [main] ERROR  - Trying to use the method getList() in Letter.
2019-10-18 13:46:34.187 [main] ERROR  - Trying to use the method getList() in Letter.
2019-10-18 13:46:34.188 [main] ERROR  - Trying to use the method getList() in Letter.
2019-10-18 13:46:34.188 [main] ERROR  - Trying to use the method getList() in Letter.
2019-10-18 13:46:34.188 [main] ERROR  - Trying to use the method getList() in Letter.
2019-10-18 13:46:34.188 [main] ERROR  - Trying to use the method getList() in Letter.
2019-10-18 13:46:34.188 [main] ERROR  - Trying to use the method getList() in Letter.
2019-10-18 13:46:34.189 [main] ERROR  - Trying to use the method getList() in Letter.
2019-10-18 13:46:34.189 [main] ERROR  - Trying to use the method getList() in Letter.
2019-10-18 13:46:34.189 [main] ERROR  - Trying to use the method getList() in Letter.
2019-10-18 13:46:34.189 [main] ERROR  - Trying to use the method getList() in Letter.
2019-10-18 13:46:34.189 [main] ERROR  - Trying to use the method getList() in Letter.
2019-10-18 13:46:34.190 [main] ERROR  - Trying to use the method getList() in Letter.
2019-10-18 13:46:34.190 [main] ERROR  - Trying to use the method getList() in Letter.
2019-10-18 13:46:34.190 [main] ERROR  - Trying to use the method getList() in Letter.
2019-10-18 13:46:34.191 [main] ERROR  - Trying to use the method getList() in Letter.
2019-10-18 13:46:34.191 [main] ERROR  - Trying to use the method getList() in Letter.
2019-10-18 13:46:34.191 [main] ERROR  - Trying to use the method getList() in Letter.
2019-10-18 13:46:34.191 [main] ERROR  - Trying to use the method getList() in Letter.
2019-10-18 13:46:34.191 [main] ERROR  - Trying to use the method getList() in Letter.
2019-10-18 13:46:34.191 [main] ERROR  - Trying to use the method getList() in Letter.
2019-10-18 13:46:34.191 [main] ERROR  - Trying to use the method getList() in Letter.
2019-10-18 13:46:34.192 [main] ERROR  - Trying to use the method getList() in Letter.
2019-10-18 13:46:34.192 [main] ERROR  - Trying to use the method getList() in Letter.
2019-10-18 13:46:34.192 [main] ERROR  - Trying to use the method getList() in Letter.
2019-10-18 13:46:34.192 [main] ERROR  - Trying to use the method getList() in Letter.
2019-10-18 13:46:34.192 [main] ERROR  - Trying to use the method getList() in Letter.
2019-10-18 13:46:34.192 [main] ERROR  - Trying to use the method getList() in Letter.
2019-10-18 13:46:34.192 [main] ERROR  - Trying to use the method getList() in Letter.
2019-10-18 13:46:34.192 [main] ERROR  - Trying to use the method getList() in Letter.
2019-10-18 13:46:34.192 [main] ERROR  - Trying to use the method getList() in Letter.
2019-10-18 13:46:34.192 [main] ERROR  - Trying to use the method getList() in Letter.
2019-10-18 13:46:34.192 [main] ERROR  - Trying to use the method getList() in Letter.
2019-10-18 13:46:34.193 [main] ERROR  - Trying to use the method getList() in Letter.
2019-10-18 13:46:34.193 [main] ERROR  - Trying to use the method getList() in Letter.
2019-10-18 13:46:34.193 [main] ERROR  - Trying to use the method getList() in Letter.
2019-10-18 13:46:34.193 [main] ERROR  - Trying to use the method getList() in Letter.
2019-10-18 13:46:34.193 [main] ERROR  - Trying to use the method getList() in Letter.
2019-10-18 13:46:34.193 [main] ERROR  - Trying to use the method getList() in Letter.
2019-10-18 13:46:34.193 [main] ERROR  - Trying to use the method getList() in Letter.
2019-10-18 13:46:34.193 [main] ERROR  - Trying to use the method getList() in Letter.
2019-10-18 13:46:34.193 [main] ERROR  - Trying to use the method getList() in Letter.
2019-10-18 13:46:34.193 [main] ERROR  - Trying to use the method getList() in Letter.
2019-10-18 13:46:34.193 [main] ERROR  - Trying to use the method getList() in Letter.
2019-10-18 13:46:34.193 [main] ERROR  - Trying to use the method getList() in Letter.
2019-10-18 13:46:34.193 [main] ERROR  - Trying to use the method getList() in Letter.
2019-10-18 13:46:34.193 [main] ERROR  - Trying to use the method getList() in Letter.
2019-10-18 13:46:34.193 [main] ERROR  - Trying to use the method getList() in Letter.
2019-10-18 13:46:34.193 [main] ERROR  - Trying to use the method getList() in Letter.
2019-10-18 13:46:34.193 [main] ERROR  - Trying to use the method getList() in Letter.
2019-10-18 13:46:34.194 [main] ERROR  - Trying to use the method getList() in Letter.
2019-10-18 13:46:34.194 [main] ERROR  - Trying to use the method getList() in Letter.
2019-10-18 13:46:34.194 [main] ERROR  - Trying to use the method getList() in Letter.
2019-10-18 13:46:34.194 [main] ERROR  - Trying to use the method getList() in Letter.
2019-10-18 13:46:34.194 [main] ERROR  - Trying to use the method getList() in Letter.
2019-10-18 13:46:34.194 [main] ERROR  - Trying to use the method getList() in Letter.
2019-10-18 13:46:34.194 [main] ERROR  - Trying to use the method getList() in Letter.
2019-10-18 13:46:34.194 [main] ERROR  - Trying to use the method getList() in Letter.
2019-10-18 13:46:34.194 [main] ERROR  - Trying to use the method getList() in Letter.
2019-10-18 13:46:34.194 [main] ERROR  - Trying to use the method getList() in Letter.
2019-10-18 13:46:34.194 [main] ERROR  - Trying to use the method getList() in Letter.
2019-10-18 13:46:34.194 [main] ERROR  - Trying to use the method getList() in Letter.
2019-10-18 13:46:34.194 [main] ERROR  - Trying to use the method getList() in Letter.
2019-10-18 13:46:34.194 [main] ERROR  - Trying to use the method getList() in Letter.
2019-10-18 13:46:34.194 [main] ERROR  - Trying to use the method getList() in Letter.
2019-10-18 13:46:34.195 [main] ERROR  - Trying to use the method getList() in Letter.
2019-10-18 13:46:34.195 [main] ERROR  - Trying to use the method getList() in Letter.
2019-10-18 13:46:34.195 [main] ERROR  - Trying to use the method getList() in Letter.
2019-10-18 13:46:34.195 [main] ERROR  - Trying to use the method getList() in Letter.
2019-10-18 13:46:34.195 [main] ERROR  - Trying to use the method getList() in Letter.
2019-10-18 13:46:34.195 [main] ERROR  - Trying to use the method getList() in Letter.
2019-10-18 13:46:34.195 [main] ERROR  - Trying to use the method getList() in Letter.
2019-10-18 13:46:34.195 [main] ERROR  - Trying to use the method getList() in Letter.
2019-10-18 13:46:34.195 [main] ERROR  - Trying to use the method getList() in Letter.
2019-10-18 13:46:34.195 [main] ERROR  - Trying to use the method getList() in Letter.
2019-10-18 13:46:34.196 [main] ERROR  - Trying to use the method getList() in Letter.
2019-10-18 13:46:34.196 [main] ERROR  - Trying to use the method getList() in Letter.
2019-10-18 13:46:34.196 [main] ERROR  - Trying to use the method getList() in Letter.
2019-10-18 13:46:34.196 [main] ERROR  - Trying to use the method getList() in Letter.
2019-10-18 13:46:34.196 [main] ERROR  - Trying to use the method getList() in Letter.
2019-10-18 13:46:34.196 [main] ERROR  - Trying to use the method getList() in Letter.
2019-10-18 13:46:34.196 [main] ERROR  - Trying to use the method getList() in Letter.
2019-10-18 13:46:34.196 [main] ERROR  - Trying to use the method getList() in Letter.
2019-10-18 13:46:34.196 [main] ERROR  - Trying to use the method getList() in Letter.
2019-10-18 13:46:34.196 [main] ERROR  - Trying to use the method getList() in Letter.
2019-10-18 13:46:34.197 [main] ERROR  - Trying to use the method getList() in Letter.
2019-10-18 13:46:34.197 [main] ERROR  - Trying to use the method getList() in Letter.
2019-10-18 13:46:34.197 [main] ERROR  - Trying to use the method getList() in Letter.
2019-10-18 13:46:34.197 [main] ERROR  - Trying to use the method getList() in Letter.
2019-10-18 13:46:34.197 [main] ERROR  - Trying to use the method getList() in Letter.
2019-10-18 13:46:34.197 [main] ERROR  - Trying to use the method getList() in Letter.
2019-10-18 13:46:34.198 [main] ERROR  - Trying to use the method getList() in Letter.
2019-10-18 13:46:34.198 [main] ERROR  - Trying to use the method getList() in Letter.
2019-10-18 13:46:34.198 [main] ERROR  - Trying to use the method getList() in Letter.
2019-10-18 13:46:34.198 [main] ERROR  - Trying to use the method getList() in Letter.
2019-10-18 13:46:34.198 [main] ERROR  - Trying to use the method getList() in Letter.
2019-10-18 13:46:34.198 [main] ERROR  - Trying to use the method getList() in Letter.
2019-10-18 13:46:34.199 [main] ERROR  - Trying to use the method getList() in Letter.
2019-10-18 13:46:34.199 [main] ERROR  - Trying to use the method getList() in Letter.
2019-10-18 13:46:34.199 [main] ERROR  - Trying to use the method getList() in Letter.
2019-10-18 13:46:34.199 [main] ERROR  - Trying to use the method getList() in Letter.
2019-10-18 13:46:34.199 [main] ERROR  - Trying to use the method getList() in Letter.
2019-10-18 13:46:34.199 [main] ERROR  - Trying to use the method getList() in Letter.
2019-10-18 13:46:34.200 [main] ERROR  - Trying to use the method getList() in Letter.
2019-10-18 13:46:34.200 [main] ERROR  - Trying to use the method getList() in Letter.
2019-10-18 13:46:34.200 [main] ERROR  - Trying to use the method getList() in Letter.
2019-10-18 13:46:34.200 [main] ERROR  - Trying to use the method getList() in Letter.
2019-10-18 13:46:34.200 [main] ERROR  - Trying to use the method getList() in Letter.
2019-10-18 13:46:34.200 [main] ERROR  - Trying to use the method getList() in Letter.
2019-10-18 13:46:34.200 [main] ERROR  - Trying to use the method getList() in Letter.
2019-10-18 13:46:34.200 [main] ERROR  - Trying to use the method getList() in Letter.
2019-10-18 13:46:34.200 [main] ERROR  - Trying to use the method getList() in Letter.
2019-10-18 13:46:34.200 [main] ERROR  - Trying to use the method getList() in Letter.
2019-10-18 13:46:34.200 [main] ERROR  - Trying to use the method getList() in Letter.
2019-10-18 13:46:34.200 [main] ERROR  - Trying to use the method getList() in Letter.
2019-10-18 13:46:34.200 [main] ERROR  - Trying to use the method getList() in Letter.
2019-10-18 13:46:34.200 [main] ERROR  - Trying to use the method getList() in Letter.
2019-10-18 13:46:34.201 [main] ERROR  - Trying to use the method getList() in Letter.
2019-10-18 13:46:34.201 [main] ERROR  - Trying to use the method getList() in Letter.
2019-10-18 13:46:34.201 [main] ERROR  - Trying to use the method getList() in Letter.
2019-10-18 13:46:34.201 [main] ERROR  - Trying to use the method getList() in Letter.
2019-10-18 13:46:34.201 [main] ERROR  - Trying to use the method getList() in Letter.
2019-10-18 13:46:34.201 [main] ERROR  - Trying to use the method getList() in Letter.
2019-10-18 13:46:34.201 [main] ERROR  - Trying to use the method getList() in Letter.
2019-10-18 13:46:34.202 [main] ERROR  - Trying to use the method getList() in Letter.
2019-10-18 13:46:34.202 [main] ERROR  - Trying to use the method getList() in Letter.
2019-10-18 13:46:34.202 [main] ERROR  - Trying to use the method getList() in Letter.
2019-10-18 13:46:34.202 [main] ERROR  - Trying to use the method getList() in Letter.
2019-10-18 13:46:34.202 [main] ERROR  - Trying to use the method getList() in Letter.
2019-10-18 13:46:34.203 [main] ERROR  - Trying to use the method getList() in Letter.
2019-10-18 13:46:34.203 [main] ERROR  - Trying to use the method getList() in Letter.
2019-10-18 13:46:34.203 [main] ERROR  - Trying to use the method getList() in Letter.
2019-10-18 13:46:34.204 [main] ERROR  - Trying to use the method getList() in Letter.
2019-10-18 13:46:34.204 [main] ERROR  - Trying to use the method getList() in Letter.
2019-10-18 13:46:34.204 [main] ERROR  - Trying to use the method getList() in Letter.
2019-10-18 13:46:34.204 [main] ERROR  - Trying to use the method getList() in Letter.
2019-10-18 13:46:34.204 [main] ERROR  - Trying to use the method getList() in Letter.
2019-10-18 13:46:34.204 [main] ERROR  - Trying to use the method getList() in Letter.
2019-10-18 13:46:34.204 [main] ERROR  - Trying to use the method getList() in Letter.
2019-10-18 13:46:34.204 [main] ERROR  - Trying to use the method getList() in Letter.
2019-10-18 13:46:34.205 [main] ERROR  - Trying to use the method getList() in Letter.
2019-10-18 13:46:34.205 [main] ERROR  - Trying to use the method getList() in Letter.
2019-10-18 13:46:34.205 [main] ERROR  - Trying to use the method getList() in Letter.
2019-10-18 13:46:34.205 [main] ERROR  - Trying to use the method getList() in Letter.
2019-10-18 13:46:34.205 [main] ERROR  - Trying to use the method getList() in Letter.
2019-10-18 13:46:34.205 [main] ERROR  - Trying to use the method getList() in Letter.
2019-10-18 13:46:34.206 [main] ERROR  - Trying to use the method getList() in Letter.
2019-10-18 13:46:34.206 [main] ERROR  - Trying to use the method getList() in Letter.
2019-10-18 13:46:34.206 [main] ERROR  - Trying to use the method getList() in Letter.
2019-10-18 13:46:34.206 [main] ERROR  - Trying to use the method getList() in Letter.
2019-10-18 13:46:34.207 [main] ERROR  - Trying to use the method getList() in Letter.
2019-10-18 13:46:34.207 [main] ERROR  - Trying to use the method getList() in Letter.
2019-10-18 13:46:34.207 [main] ERROR  - Trying to use the method getList() in Letter.
2019-10-18 13:46:34.207 [main] ERROR  - Trying to use the method getList() in Letter.
2019-10-18 13:46:34.207 [main] ERROR  - Trying to use the method getList() in Letter.
2019-10-18 13:46:34.207 [main] ERROR  - Trying to use the method getList() in Letter.
2019-10-18 13:46:34.207 [main] ERROR  - Trying to use the method getList() in Letter.
2019-10-18 13:46:34.208 [main] ERROR  - Trying to use the method getList() in Letter.
2019-10-18 13:46:34.208 [main] ERROR  - Trying to use the method getList() in Letter.
2019-10-18 13:46:34.208 [main] ERROR  - Trying to use the method getList() in Letter.
2019-10-18 13:46:34.208 [main] ERROR  - Trying to use the method getList() in Letter.
2019-10-18 13:46:34.208 [main] ERROR  - Trying to use the method getList() in Letter.
2019-10-18 13:46:34.208 [main] ERROR  - Trying to use the method getList() in Letter.
2019-10-18 13:46:34.208 [main] ERROR  - Trying to use the method getList() in Letter.
2019-10-18 13:46:34.208 [main] ERROR  - Trying to use the method getList() in Letter.
2019-10-18 13:46:34.208 [main] ERROR  - Trying to use the method getList() in Letter.
2019-10-18 13:46:34.208 [main] ERROR  - Trying to use the method getList() in Letter.
2019-10-18 13:46:34.208 [main] ERROR  - Trying to use the method getList() in Letter.
2019-10-18 13:46:34.208 [main] ERROR  - Trying to use the method getList() in Letter.
2019-10-18 13:46:34.209 [main] ERROR  - Trying to use the method getList() in Letter.
2019-10-18 13:46:34.209 [main] ERROR  - Trying to use the method getList() in Letter.
2019-10-18 13:46:34.209 [main] ERROR  - Trying to use the method getList() in Letter.
2019-10-18 13:46:34.209 [main] ERROR  - Trying to use the method getList() in Letter.
2019-10-18 13:46:34.209 [main] ERROR  - Trying to use the method getList() in Letter.
2019-10-18 13:46:34.209 [main] ERROR  - Trying to use the method getList() in Letter.
2019-10-18 13:46:34.209 [main] ERROR  - Trying to use the method getList() in Letter.
2019-10-18 13:46:34.209 [main] ERROR  - Trying to use the method getList() in Letter.
2019-10-18 13:46:34.209 [main] ERROR  - Trying to use the method getList() in Letter.
2019-10-18 13:46:34.209 [main] ERROR  - Trying to use the method getList() in Letter.
2019-10-18 13:46:34.209 [main] ERROR  - Trying to use the method getList() in Letter.
2019-10-18 13:46:34.209 [main] ERROR  - Trying to use the method getList() in Letter.
2019-10-18 13:46:34.209 [main] ERROR  - Trying to use the method getList() in Letter.
2019-10-18 13:46:34.209 [main] ERROR  - Trying to use the method getList() in Letter.
2019-10-18 13:46:34.210 [main] ERROR  - Trying to use the method getList() in Letter.
2019-10-18 13:46:34.210 [main] ERROR  - Trying to use the method getList() in Letter.
2019-10-18 13:46:34.210 [main] ERROR  - Trying to use the method getList() in Letter.
2019-10-18 13:46:34.210 [main] ERROR  - Trying to use the method getList() in Letter.
2019-10-18 13:46:34.210 [main] ERROR  - Trying to use the method getList() in Letter.
2019-10-18 13:46:34.210 [main] ERROR  - Trying to use the method getList() in Letter.
2019-10-18 13:46:34.210 [main] ERROR  - Trying to use the method getList() in Letter.
2019-10-18 13:46:34.210 [main] ERROR  - Trying to use the method getList() in Letter.
2019-10-18 13:46:34.210 [main] ERROR  - Trying to use the method getList() in Letter.
2019-10-18 13:46:34.210 [main] ERROR  - Trying to use the method getList() in Letter.
2019-10-18 13:46:34.210 [main] ERROR  - Trying to use the method getList() in Letter.
2019-10-18 13:46:34.210 [main] ERROR  - Trying to use the method getList() in Letter.
2019-10-18 13:46:34.210 [main] ERROR  - Trying to use the method getList() in Letter.
2019-10-18 13:46:34.210 [main] ERROR  - Trying to use the method getList() in Letter.
2019-10-18 13:46:34.210 [main] ERROR  - Trying to use the method getList() in Letter.
2019-10-18 13:46:34.210 [main] ERROR  - Trying to use the method getList() in Letter.
2019-10-18 13:46:34.210 [main] ERROR  - Trying to use the method getList() in Letter.
2019-10-18 13:46:34.210 [main] ERROR  - Trying to use the method getList() in Letter.
2019-10-18 13:46:34.211 [main] ERROR  - Trying to use the method getList() in Letter.
2019-10-18 13:46:34.211 [main] ERROR  - Trying to use the method getList() in Letter.
2019-10-18 13:46:34.211 [main] ERROR  - Trying to use the method getList() in Letter.
2019-10-18 13:46:34.211 [main] ERROR  - Trying to use the method getList() in Letter.
2019-10-18 13:46:34.211 [main] ERROR  - Trying to use the method getList() in Letter.
2019-10-18 13:46:34.211 [main] ERROR  - Trying to use the method getList() in Letter.
2019-10-18 13:46:34.211 [main] ERROR  - Trying to use the method getList() in Letter.
2019-10-18 13:46:34.211 [main] ERROR  - Trying to use the method getList() in Letter.
2019-10-18 13:46:34.211 [main] ERROR  - Trying to use the method getList() in Letter.
2019-10-18 13:46:34.211 [main] ERROR  - Trying to use the method getList() in Letter.
2019-10-18 13:46:34.211 [main] ERROR  - Trying to use the method getList() in Letter.
2019-10-18 13:46:34.211 [main] ERROR  - Trying to use the method getList() in Letter.
2019-10-18 13:46:34.211 [main] ERROR  - Trying to use the method getList() in Letter.
2019-10-18 13:46:34.211 [main] ERROR  - Trying to use the method getList() in Letter.
2019-10-18 13:46:34.211 [main] ERROR  - Trying to use the method getList() in Letter.
2019-10-18 13:46:34.211 [main] ERROR  - Trying to use the method getList() in Letter.
2019-10-18 13:46:34.211 [main] ERROR  - Trying to use the method getList() in Letter.
2019-10-18 13:46:34.211 [main] ERROR  - Trying to use the method getList() in Letter.
2019-10-18 13:46:34.212 [main] ERROR  - Trying to use the method getList() in Letter.
2019-10-18 13:46:34.212 [main] ERROR  - Trying to use the method getList() in Letter.
2019-10-18 13:46:34.212 [main] ERROR  - Trying to use the method getList() in Letter.
2019-10-18 13:46:34.212 [main] ERROR  - Trying to use the method getList() in Letter.
2019-10-18 13:46:34.212 [main] ERROR  - Trying to use the method getList() in Letter.
2019-10-18 13:46:34.212 [main] ERROR  - Trying to use the method getList() in Letter.
2019-10-18 13:46:34.212 [main] ERROR  - Trying to use the method getList() in Letter.
2019-10-18 13:46:34.212 [main] ERROR  - Trying to use the method getList() in Letter.
2019-10-18 13:46:34.212 [main] ERROR  - Trying to use the method getList() in Letter.
2019-10-18 13:46:34.212 [main] ERROR  - Trying to use the method getList() in Letter.
2019-10-18 13:46:34.212 [main] ERROR  - Trying to use the method getList() in Letter.
2019-10-18 13:46:34.212 [main] ERROR  - Trying to use the method getList() in Letter.
2019-10-18 13:46:34.212 [main] ERROR  - Trying to use the method getList() in Letter.
2019-10-18 13:46:34.212 [main] ERROR  - Trying to use the method getList() in Letter.
2019-10-18 13:46:34.212 [main] ERROR  - Trying to use the method getList() in Letter.
2019-10-18 13:46:34.212 [main] ERROR  - Trying to use the method getList() in Letter.
2019-10-18 13:46:34.213 [main] ERROR  - Trying to use the method getList() in Letter.
2019-10-18 13:46:34.213 [main] ERROR  - Trying to use the method getList() in Letter.
2019-10-18 13:46:34.213 [main] ERROR  - Trying to use the method getList() in Letter.
2019-10-18 13:46:34.213 [main] ERROR  - Trying to use the method getList() in Letter.
2019-10-18 13:46:34.213 [main] ERROR  - Trying to use the method getList() in Letter.
2019-10-18 13:46:34.213 [main] ERROR  - Trying to use the method getList() in Letter.
2019-10-18 13:46:34.213 [main] ERROR  - Trying to use the method getList() in Letter.
2019-10-18 13:46:34.213 [main] ERROR  - Trying to use the method getList() in Letter.
2019-10-18 13:46:34.213 [main] ERROR  - Trying to use the method getList() in Letter.
2019-10-18 13:46:34.213 [main] ERROR  - Trying to use the method getList() in Letter.
2019-10-18 13:46:34.213 [main] ERROR  - Trying to use the method getList() in Letter.
2019-10-18 13:46:34.213 [main] ERROR  - Trying to use the method getList() in Letter.
2019-10-18 13:46:34.213 [main] ERROR  - Trying to use the method getList() in Letter.
2019-10-18 13:46:34.213 [main] ERROR  - Trying to use the method getList() in Letter.
2019-10-18 13:46:34.213 [main] ERROR  - Trying to use the method getList() in Letter.
2019-10-18 13:46:34.213 [main] ERROR  - Trying to use the method getList() in Letter.
2019-10-18 13:46:34.213 [main] ERROR  - Trying to use the method getList() in Letter.
2019-10-18 13:46:34.213 [main] ERROR  - Trying to use the method getList() in Letter.
2019-10-18 13:46:34.213 [main] ERROR  - Trying to use the method getList() in Letter.
2019-10-18 13:46:34.214 [main] ERROR  - Trying to use the method getList() in Letter.
2019-10-18 13:46:34.214 [main] ERROR  - Trying to use the method getList() in Letter.
2019-10-18 13:46:34.214 [main] ERROR  - Trying to use the method getList() in Letter.
2019-10-18 13:46:34.214 [main] ERROR  - Trying to use the method getList() in Letter.
2019-10-18 13:46:34.214 [main] ERROR  - Trying to use the method getList() in Letter.
2019-10-18 13:46:34.214 [main] ERROR  - Trying to use the method getList() in Letter.
2019-10-18 13:46:34.214 [main] ERROR  - Trying to use the method getList() in Letter.
2019-10-18 13:46:34.214 [main] ERROR  - Trying to use the method getList() in Letter.
2019-10-18 13:46:34.214 [main] ERROR  - Trying to use the method getList() in Letter.
2019-10-18 13:46:34.214 [main] ERROR  - Trying to use the method getList() in Letter.
2019-10-18 13:46:34.214 [main] ERROR  - Trying to use the method getList() in Letter.
2019-10-18 13:46:34.214 [main] ERROR  - Trying to use the method getList() in Letter.
2019-10-18 13:46:34.214 [main] ERROR  - Trying to use the method getList() in Letter.
2019-10-18 13:46:34.214 [main] ERROR  - Trying to use the method getList() in Letter.
2019-10-18 13:46:34.214 [main] ERROR  - Trying to use the method getList() in Letter.
2019-10-18 13:46:34.214 [main] ERROR  - Trying to use the method getList() in Letter.
2019-10-18 13:46:34.214 [main] ERROR  - Trying to use the method getList() in Letter.
2019-10-18 13:46:34.214 [main] ERROR  - Trying to use the method getList() in Letter.
2019-10-18 13:46:34.214 [main] ERROR  - Trying to use the method getList() in Letter.
2019-10-18 13:46:34.214 [main] ERROR  - Trying to use the method getList() in Letter.
2019-10-18 13:46:34.215 [main] ERROR  - Trying to use the method getList() in Letter.
2019-10-18 13:46:34.215 [main] ERROR  - Trying to use the method getList() in Letter.
2019-10-18 13:46:34.215 [main] ERROR  - Trying to use the method getList() in Letter.
2019-10-18 13:46:34.215 [main] ERROR  - Trying to use the method getList() in Letter.
2019-10-18 13:46:34.215 [main] ERROR  - Trying to use the method getList() in Letter.
2019-10-18 13:46:34.215 [main] ERROR  - Trying to use the method getList() in Letter.
2019-10-18 13:46:34.215 [main] ERROR  - Trying to use the method getList() in Letter.
2019-10-18 13:46:34.215 [main] ERROR  - Trying to use the method getList() in Letter.
2019-10-18 13:46:34.215 [main] ERROR  - Trying to use the method getList() in Letter.
2019-10-18 13:46:34.215 [main] ERROR  - Trying to use the method getList() in Letter.
2019-10-18 13:46:34.215 [main] ERROR  - Trying to use the method getList() in Letter.
2019-10-18 13:46:34.215 [main] ERROR  - Trying to use the method getList() in Letter.
2019-10-18 13:46:34.215 [main] ERROR  - Trying to use the method getList() in Letter.
2019-10-18 13:46:34.215 [main] ERROR  - Trying to use the method getList() in Letter.
2019-10-18 13:46:34.215 [main] ERROR  - Trying to use the method getList() in Letter.
2019-10-18 13:46:34.215 [main] ERROR  - Trying to use the method getList() in Letter.
2019-10-18 13:46:34.216 [main] ERROR  - Trying to use the method getList() in Letter.
2019-10-18 13:46:34.216 [main] ERROR  - Trying to use the method getList() in Letter.
2019-10-18 13:46:34.216 [main] ERROR  - Trying to use the method getList() in Letter.
2019-10-18 13:46:34.216 [main] ERROR  - Trying to use the method getList() in Letter.
2019-10-18 13:46:34.216 [main] ERROR  - Trying to use the method getList() in Letter.
2019-10-18 13:46:34.216 [main] ERROR  - Trying to use the method getList() in Letter.
2019-10-18 13:46:34.216 [main] ERROR  - Trying to use the method getList() in Letter.
2019-10-18 13:46:34.216 [main] ERROR  - Trying to use the method getList() in Letter.
2019-10-18 13:46:34.216 [main] ERROR  - Trying to use the method getList() in Letter.
2019-10-18 13:46:34.216 [main] ERROR  - Trying to use the method getList() in Letter.
2019-10-18 13:46:34.216 [main] ERROR  - Trying to use the method getList() in Letter.
2019-10-18 13:46:34.216 [main] ERROR  - Trying to use the method getList() in Letter.
2019-10-18 13:46:34.216 [main] ERROR  - Trying to use the method getList() in Letter.
2019-10-18 13:46:34.216 [main] ERROR  - Trying to use the method getList() in Letter.
2019-10-18 13:46:34.216 [main] ERROR  - Trying to use the method getList() in Letter.
2019-10-18 13:46:34.216 [main] ERROR  - Trying to use the method getList() in Letter.
2019-10-18 13:46:34.216 [main] ERROR  - Trying to use the method getList() in Letter.
2019-10-18 13:46:34.216 [main] ERROR  - Trying to use the method getList() in Letter.
2019-10-18 13:46:34.217 [main] ERROR  - Trying to use the method getList() in Letter.
2019-10-18 13:46:34.217 [main] ERROR  - Trying to use the method getList() in Letter.
2019-10-18 13:46:34.217 [main] ERROR  - Trying to use the method getList() in Letter.
2019-10-18 13:46:34.217 [main] ERROR  - Trying to use the method getList() in Letter.
2019-10-18 13:46:34.217 [main] ERROR  - Trying to use the method getList() in Letter.
2019-10-18 13:46:34.217 [main] ERROR  - Trying to use the method getList() in Letter.
2019-10-18 13:46:34.217 [main] ERROR  - Trying to use the method getList() in Letter.
2019-10-18 13:46:34.217 [main] ERROR  - Trying to use the method getList() in Letter.
2019-10-18 13:46:34.217 [main] ERROR  - Trying to use the method getList() in Letter.
2019-10-18 17:20:47.724 [main] ERROR  - Index out of storage range
2019-10-18 17:20:59.598 [main] ERROR ysenko.task3.service.impl.TextServiceImpl - Method read() got wrong path
2019-10-18 17:20:59.598 [main] ERROR task3.controller.command.impl.ReadText - String text is empty
2019-10-18 19:37:35.140 [main] ERROR  - Index out of storage range
2019-10-18 19:44:25.588 [main] ERROR  - Index out of storage range
2019-10-18 22:14:43.117 [main] ERROR  - Index out of storage range
2019-10-19 01:33:35.047 [main] ERROR  - Index out of storage range
2019-10-19 01:54:11.904 [main] ERROR  - Index out of storage range
2019-10-19 12:41:52.375 [main] ERROR ysenko.task3.service.impl.TextServiceImpl - Method write() got wrong path
2019-10-19 12:41:52.411 [main] ERROR ysenko.task3.service.impl.TextServiceImpl - Method write() got wrong path
2019-10-19 12:41:57.234 [main] ERROR ysenko.task3.service.impl.TextServiceImpl - Method write() got wrong path
2019-10-19 12:45:08.041 [main] ERROR ysenko.task3.service.impl.TextServiceImpl - Method write() got wrong path
2019-10-19 13:11:30.638 [main] ERROR  - Index out of storage range
2019-10-19 13:23:05.159 [main] ERROR ysenko.task3.service.impl.TextServiceImpl - Method read() got wrong path
2019-10-19 13:27:22.062 [main] ERROR ysenko.task3.service.impl.TextServiceImpl - Method read() got wrong path
2019-10-19 13:27:22.077 [main] ERROR task3.controller.command.impl.ReadText - Wrong path to data file
2019-10-19 13:35:53.141 [main] ERROR ysenko.task3.service.impl.TextServiceImpl - Method write() got wrong path
2019-10-19 13:35:53.141 [main] ERROR task3.controller.command.impl.ReadText - Wrong path to output file
2019-10-19 13:36:20.971 [main] ERROR ysenko.task3.service.impl.TextServiceImpl - Method write() got wrong path
2019-10-19 13:36:20.971 [main] ERROR task3.controller.command.impl.ReadText - Wrong path to output file
2019-10-19 14:07:34.677 [main] ERROR ysenko.task3.service.impl.TextServiceImpl - Method read() got wrong path
2019-10-19 14:07:34.678 [main] ERROR task3.controller.command.impl.ReadText - Wrong path to data file
2019-10-19 22:54:32.086 [main] ERROR ysenko.task3.service.impl.TextServiceImpl - Method read() got wrong path
2019-10-19 22:54:32.250 [main] ERROR ysenko.task3.service.impl.TextServiceImpl - Method write() got wrong path

2019-10-20 23:34:33.028 [main] ERROR  - Method read() got wrong path
2019-10-20 23:34:33.104 [main] ERROR  - Method write() got wrong path
